# JRE version: Java(TM) SE Runtime Environment (21.0.9+7) (build 21.0.9+7-LTS-338)
# Java VM: Java HotSpot(TM) 64-Bit Server VM (21.0.9+7-LTS-338, mixed mode, sharing, tiered, compressed oops, compressed class ptrs, g1 gc, windows-amd64)
GC Precious Log:
 CardTable entry size: 512
 Card Set container configuration: InlinePtr #cards 4 size 8 Array Of Cards #cards 32 size 80 Howl #buckets 8 coarsen threshold 7372 Howl Bitmap #cards 1024 size 144 coarsen threshold 921 Card regions per heap region 1 cards per card region 8192
 CPUs: 16 total, 16 available
 Memory: 24260M
 Large Page Support: Disabled
 NUMA Support: Disabled
 Compressed Oops: Enabled (Zero based)
 Heap Region Size: 4M
 Heap Min Capacity: 8M
 Heap Initial Capacity: 380M
 Heap Max Capacity: 6068M
 Pre-touch: Disabled
 Parallel Workers: 13
 Concurrent Workers: 3
 Concurrent Refinement Workers: 13
 Periodic GC: Disabled
Heap:
 garbage-first heap   total 57344K, used 46301K [0x0000000684c00000, 0x0000000800000000)
  region size 4096K, 11 young (45056K), 1 survivors (4096K)
 Metaspace       used 25630K, committed 25984K, reserved 1114112K
  class space    used 2873K, committed 3072K, reserved 1048576K
GC Heap History (6 events):
Event: 5.663 GC heap before
{Heap before GC invocations=0 (full 0):
 garbage-first heap   total 389120K, used 20480K [0x0000000684c00000, 0x0000000800000000)
  region size 4096K, 5 young (20480K), 0 survivors (0K)
 Metaspace       used 12429K, committed 12672K, reserved 1114112K
  class space    used 1289K, committed 1408K, reserved 1048576K
}
Event: 5.667 GC heap after
{Heap after GC invocations=1 (full 0):
 garbage-first heap   total 389120K, used 5246K [0x0000000684c00000, 0x0000000800000000)
  region size 4096K, 1 young (4096K), 1 survivors (4096K)
 Metaspace       used 12429K, committed 12672K, reserved 1114112K
  class space    used 1289K, committed 1408K, reserved 1048576K
}
Event: 7.580 GC heap before
{Heap before GC invocations=1 (full 0):
 garbage-first heap   total 389120K, used 25726K [0x0000000684c00000, 0x0000000800000000)
  region size 4096K, 6 young (24576K), 1 survivors (4096K)
 Metaspace       used 18590K, committed 18880K, reserved 1114112K
  class space    used 1957K, committed 2048K, reserved 1048576K
}
Event: 7.584 GC heap after
{Heap after GC invocations=2 (full 0):
 garbage-first heap   total 389120K, used 9464K [0x0000000684c00000, 0x0000000800000000)
  region size 4096K, 1 young (4096K), 1 survivors (4096K)
 Metaspace       used 18590K, committed 18880K, reserved 1114112K
  class space    used 1957K, committed 2048K, reserved 1048576K
}
Event: 7.741 GC heap before
{Heap before GC invocations=2 (full 0):
 garbage-first heap   total 389120K, used 17656K [0x0000000684c00000, 0x0000000800000000)
  region size 4096K, 4 young (16384K), 1 survivors (4096K)
 Metaspace       used 21277K, committed 21504K, reserved 1114112K
  class space    used 2273K, committed 2368K, reserved 1048576K
}
Event: 7.743 GC heap after
{Heap after GC invocations=3 (full 0):
 garbage-first heap   total 389120K, used 9437K [0x0000000684c00000, 0x0000000800000000)
  region size 4096K, 1 young (4096K), 1 survivors (4096K)
 Metaspace       used 21277K, committed 21504K, reserved 1114112K
  class space    used 2273K, committed 2368K, reserved 1048576K
}

